[2020/06/02 15:23:36 CST] [INFO] (ngrok/log.Info:112) Reading configuration file debug.yml
[2020/06/02 15:23:36 CST] [INFO] (ngrok/log.(*PrefixLogger).Info:83) [client] Trusting root CAs: [assets/client/tls/ngrokroot.crt assets/client/tls/snakeoilca.crt]
[2020/06/02 15:23:36 CST] [INFO] (ngrok/log.(*PrefixLogger).Info:83) [view] [web] Serving web interface on 127.0.0.1:4040
[2020/06/02 15:23:36 CST] [INFO] (ngrok/log.(*PrefixLogger).Info:83) [view] [term] Resize event, redrawing
[2020/06/02 15:23:36 CST] [INFO] (ngrok/log.(*PrefixLogger).Info:83) [view] [term] Resize event, redrawing
[2020/06/02 15:23:36 CST] [DEBG] (ngrok/log.(*PrefixLogger).Debug:79) [view] [term] Waiting for update
[2020/06/02 15:23:36 CST] [INFO] (ngrok/log.(*PrefixLogger).Info:83) [view] [term] Resize event, redrawing
[2020/06/02 15:23:36 CST] [DEBG] (ngrok/log.(*PrefixLogger).Debug:79) [view] [term] Waiting for update
[2020/06/02 15:23:36 CST] [DEBG] (ngrok/log.(*PrefixLogger).Debug:79) [view] [term] Waiting for update
[2020/06/02 15:23:36 CST] [DEBG] (ngrok/log.(*PrefixLogger).Debug:79) [view] [term] Waiting for update
[2020/06/02 15:23:36 CST] [DEBG] (ngrok/log.(*PrefixLogger).Debug:79) [ctl:3d9f6df] New connection to: 127.0.0.1:4443
[2020/06/02 15:23:36 CST] [DEBG] (ngrok/log.(*PrefixLogger).Debug:79) [ctl:3d9f6df] Writing message: {"Type":"Auth","Payload":{"Version":"2","MmVersion":"1.7","User":"","Password":"","OS":"windows","Arch":"amd64","ClientId":""}}
[2020/06/02 15:23:36 CST] [DEBG] (ngrok/log.(*PrefixLogger).Debug:79) [ctl:3d9f6df] Waiting to read message
[2020/06/02 15:23:36 CST] [DEBG] (ngrok/log.(*PrefixLogger).Debug:79) [ctl:3d9f6df] Reading message with length: 120
[2020/06/02 15:23:36 CST] [DEBG] (ngrok/log.(*PrefixLogger).Debug:79) [ctl:3d9f6df] Read message {"Type":"AuthResp","Payload":{"Version":"2","MmVersion":"1.7","ClientId":"037af417cf84b95a55b93deb4f11178f","Error":""}}
[2020/06/02 15:23:36 CST] [INFO] (ngrok/log.(*PrefixLogger).Info:83) [client] Authenticated with server, client id: 037af417cf84b95a55b93deb4f11178f
[2020/06/02 15:23:36 CST] [DEBG] (ngrok/log.(*PrefixLogger).Debug:79) [ctl:3d9f6df] Writing message: {"Type":"ReqTunnel","Payload":{"ReqId":"60c60fd129876bf9","Protocol":"http","Hostname":"","Subdomain":"test","HttpAuth":"","RemotePort":0}}
[2020/06/02 15:23:36 CST] [DEBG] (ngrok/log.(*PrefixLogger).Debug:79) [ctl:3d9f6df] Waiting to read message
[2020/06/02 15:23:36 CST] [DEBG] (ngrok/log.(*PrefixLogger).Debug:79) [ctl:3d9f6df] Reading message with length: 32
[2020/06/02 15:23:36 CST] [DEBG] (ngrok/log.(*PrefixLogger).Debug:79) [ctl:3d9f6df] Read message {"Type":"ReqProxy","Payload":{}}
[2020/06/02 15:23:36 CST] [DEBG] (ngrok/log.(*PrefixLogger).Debug:79) [ctl:3d9f6df] Waiting to read message
[2020/06/02 15:23:36 CST] [DEBG] (ngrok/log.(*PrefixLogger).Debug:79) [ctl:3d9f6df] Reading message with length: 117
[2020/06/02 15:23:36 CST] [DEBG] (ngrok/log.(*PrefixLogger).Debug:79) [ctl:3d9f6df] Read message {"Type":"NewTunnel","Payload":{"ReqId":"60c60fd129876bf9","Url":"http://test.ngrok.me","Protocol":"http","Error":""}}
[2020/06/02 15:23:36 CST] [INFO] (ngrok/log.(*PrefixLogger).Info:83) [client] Tunnel established at http://test.ngrok.me
[2020/06/02 15:23:36 CST] [DEBG] (ngrok/log.(*PrefixLogger).Debug:79) [ctl:3d9f6df] Waiting to read message
[2020/06/02 15:23:36 CST] [DEBG] (ngrok/log.(*PrefixLogger).Debug:79) [view] [term] Waiting for update
[2020/06/02 15:23:36 CST] [DEBG] (ngrok/log.(*PrefixLogger).Debug:79) [view] [term] Waiting for update
[2020/06/02 15:23:36 CST] [DEBG] (ngrok/log.(*PrefixLogger).Debug:79) [pxy:2a8f71d] New connection to: 127.0.0.1:4443
[2020/06/02 15:23:36 CST] [DEBG] (ngrok/log.(*PrefixLogger).Debug:79) [pxy:2a8f71d] Writing message: {"Type":"RegProxy","Payload":{"ClientId":"037af417cf84b95a55b93deb4f11178f"}}
[2020/06/02 15:23:36 CST] [DEBG] (ngrok/log.(*PrefixLogger).Debug:79) [pxy:2a8f71d] Waiting to read message
[2020/06/02 15:23:56 CST] [DEBG] (ngrok/log.(*PrefixLogger).Debug:79) [ctl:3d9f6df] Writing message: {"Type":"Ping","Payload":{}}
[2020/06/02 15:23:56 CST] [DEBG] (ngrok/log.(*PrefixLogger).Debug:79) [ctl:3d9f6df] Reading message with length: 28
[2020/06/02 15:23:56 CST] [DEBG] (ngrok/log.(*PrefixLogger).Debug:79) [ctl:3d9f6df] Read message {"Type":"Pong","Payload":{}}
[2020/06/02 15:23:56 CST] [DEBG] (ngrok/log.(*PrefixLogger).Debug:79) [ctl:3d9f6df] Waiting to read message
[2020/06/02 15:24:16 CST] [DEBG] (ngrok/log.(*PrefixLogger).Debug:79) [ctl:3d9f6df] Writing message: {"Type":"Ping","Payload":{}}
[2020/06/02 15:24:16 CST] [DEBG] (ngrok/log.(*PrefixLogger).Debug:79) [ctl:3d9f6df] Reading message with length: 28
[2020/06/02 15:24:16 CST] [DEBG] (ngrok/log.(*PrefixLogger).Debug:79) [ctl:3d9f6df] Read message {"Type":"Pong","Payload":{}}
[2020/06/02 15:24:16 CST] [DEBG] (ngrok/log.(*PrefixLogger).Debug:79) [ctl:3d9f6df] Waiting to read message
[2020/06/02 15:24:36 CST] [DEBG] (ngrok/log.(*PrefixLogger).Debug:79) [ctl:3d9f6df] Writing message: {"Type":"Ping","Payload":{}}
[2020/06/02 15:24:36 CST] [DEBG] (ngrok/log.(*PrefixLogger).Debug:79) [ctl:3d9f6df] Reading message with length: 28
[2020/06/02 15:24:36 CST] [DEBG] (ngrok/log.(*PrefixLogger).Debug:79) [ctl:3d9f6df] Read message {"Type":"Pong","Payload":{}}
[2020/06/02 15:24:36 CST] [DEBG] (ngrok/log.(*PrefixLogger).Debug:79) [ctl:3d9f6df] Waiting to read message
[2020/06/02 15:24:56 CST] [DEBG] (ngrok/log.(*PrefixLogger).Debug:79) [ctl:3d9f6df] Writing message: {"Type":"Ping","Payload":{}}
[2020/06/02 15:24:56 CST] [DEBG] (ngrok/log.(*PrefixLogger).Debug:79) [ctl:3d9f6df] Reading message with length: 28
[2020/06/02 15:24:56 CST] [DEBG] (ngrok/log.(*PrefixLogger).Debug:79) [ctl:3d9f6df] Read message {"Type":"Pong","Payload":{}}
[2020/06/02 15:24:56 CST] [DEBG] (ngrok/log.(*PrefixLogger).Debug:79) [ctl:3d9f6df] Waiting to read message
[2020/06/02 15:25:16 CST] [DEBG] (ngrok/log.(*PrefixLogger).Debug:79) [ctl:3d9f6df] Writing message: {"Type":"Ping","Payload":{}}
[2020/06/02 15:25:16 CST] [DEBG] (ngrok/log.(*PrefixLogger).Debug:79) [ctl:3d9f6df] Reading message with length: 28
[2020/06/02 15:25:16 CST] [DEBG] (ngrok/log.(*PrefixLogger).Debug:79) [ctl:3d9f6df] Read message {"Type":"Pong","Payload":{}}
[2020/06/02 15:25:16 CST] [DEBG] (ngrok/log.(*PrefixLogger).Debug:79) [ctl:3d9f6df] Waiting to read message
[2020/06/02 15:25:36 CST] [DEBG] (ngrok/log.(*PrefixLogger).Debug:79) [ctl:3d9f6df] Writing message: {"Type":"Ping","Payload":{}}
[2020/06/02 15:25:36 CST] [DEBG] (ngrok/log.(*PrefixLogger).Debug:79) [ctl:3d9f6df] Reading message with length: 28
[2020/06/02 15:25:36 CST] [DEBG] (ngrok/log.(*PrefixLogger).Debug:79) [ctl:3d9f6df] Read message {"Type":"Pong","Payload":{}}
[2020/06/02 15:25:36 CST] [DEBG] (ngrok/log.(*PrefixLogger).Debug:79) [ctl:3d9f6df] Waiting to read message
[2020/06/02 15:25:56 CST] [DEBG] (ngrok/log.(*PrefixLogger).Debug:79) [ctl:3d9f6df] Writing message: {"Type":"Ping","Payload":{}}
[2020/06/02 15:25:56 CST] [DEBG] (ngrok/log.(*PrefixLogger).Debug:79) [ctl:3d9f6df] Reading message with length: 28
[2020/06/02 15:25:56 CST] [DEBG] (ngrok/log.(*PrefixLogger).Debug:79) [ctl:3d9f6df] Read message {"Type":"Pong","Payload":{}}
[2020/06/02 15:25:56 CST] [DEBG] (ngrok/log.(*PrefixLogger).Debug:79) [ctl:3d9f6df] Waiting to read message
[2020/06/02 15:26:16 CST] [DEBG] (ngrok/log.(*PrefixLogger).Debug:79) [ctl:3d9f6df] Writing message: {"Type":"Ping","Payload":{}}
[2020/06/02 15:26:16 CST] [DEBG] (ngrok/log.(*PrefixLogger).Debug:79) [ctl:3d9f6df] Reading message with length: 28
[2020/06/02 15:26:16 CST] [DEBG] (ngrok/log.(*PrefixLogger).Debug:79) [ctl:3d9f6df] Read message {"Type":"Pong","Payload":{}}
[2020/06/02 15:26:16 CST] [DEBG] (ngrok/log.(*PrefixLogger).Debug:79) [ctl:3d9f6df] Waiting to read message
[2020/06/02 15:26:36 CST] [DEBG] (ngrok/log.(*PrefixLogger).Debug:79) [ctl:3d9f6df] Writing message: {"Type":"Ping","Payload":{}}
[2020/06/02 15:26:36 CST] [DEBG] (ngrok/log.(*PrefixLogger).Debug:79) [ctl:3d9f6df] Reading message with length: 28
[2020/06/02 15:26:36 CST] [DEBG] (ngrok/log.(*PrefixLogger).Debug:79) [ctl:3d9f6df] Read message {"Type":"Pong","Payload":{}}
[2020/06/02 15:26:36 CST] [DEBG] (ngrok/log.(*PrefixLogger).Debug:79) [ctl:3d9f6df] Waiting to read message
[2020/06/02 15:26:36 CST] [EROR] (ngrok/log.(*PrefixLogger).Error:91) [pxy:2a8f71d] Server failed to write StartProxy: EOF
[2020/06/02 15:26:36 CST] [DEBG] (ngrok/log.(*PrefixLogger).Debug:79) [pxy:2a8f71d] Closing
[2020/06/02 15:26:36 CST] [DEBG] (ngrok/log.(*PrefixLogger).Debug:79) [ctl:3d9f6df] Reading message with length: 32
[2020/06/02 15:26:36 CST] [DEBG] (ngrok/log.(*PrefixLogger).Debug:79) [ctl:3d9f6df] Read message {"Type":"ReqProxy","Payload":{}}
[2020/06/02 15:26:36 CST] [DEBG] (ngrok/log.(*PrefixLogger).Debug:79) [ctl:3d9f6df] Waiting to read message
[2020/06/02 15:26:36 CST] [DEBG] (ngrok/log.(*PrefixLogger).Debug:79) [pxy:3e2379c5] New connection to: 127.0.0.1:4443
[2020/06/02 15:26:36 CST] [DEBG] (ngrok/log.(*PrefixLogger).Debug:79) [pxy:3e2379c5] Writing message: {"Type":"RegProxy","Payload":{"ClientId":"037af417cf84b95a55b93deb4f11178f"}}
[2020/06/02 15:26:36 CST] [DEBG] (ngrok/log.(*PrefixLogger).Debug:79) [pxy:3e2379c5] Waiting to read message
[2020/06/02 15:26:36 CST] [DEBG] (ngrok/log.(*PrefixLogger).Debug:79) [pxy:3e2379c5] Reading message with length: 93
[2020/06/02 15:26:36 CST] [DEBG] (ngrok/log.(*PrefixLogger).Debug:79) [pxy:3e2379c5] Read message {"Type":"StartProxy","Payload":{"Url":"http://test.ngrok.me","ClientAddr":"127.0.0.1:50534"}}
[2020/06/02 15:26:36 CST] [DEBG] (ngrok/log.(*PrefixLogger).Debug:79) [ctl:3d9f6df] Reading message with length: 32
[2020/06/02 15:26:36 CST] [DEBG] (ngrok/log.(*PrefixLogger).Debug:79) [ctl:3d9f6df] Read message {"Type":"ReqProxy","Payload":{}}
[2020/06/02 15:26:36 CST] [DEBG] (ngrok/log.(*PrefixLogger).Debug:79) [ctl:3d9f6df] Waiting to read message
[2020/06/02 15:26:36 CST] [DEBG] (ngrok/log.(*PrefixLogger).Debug:79) [prv:1338fa3b] New connection to: 127.0.0.1:8080
[2020/06/02 15:26:36 CST] [INFO] (ngrok/log.(*PrefixLogger).Info:83) [prv:1338fa3b] Joined with connection pxy:3e2379c5
[2020/06/02 15:26:36 CST] [DEBG] (ngrok/log.(*PrefixLogger).Debug:79) [view] [term] Waiting for update
[2020/06/02 15:26:36 CST] [DEBG] (ngrok/log.(*PrefixLogger).Debug:79) [pxy:347c8a4] New connection to: 127.0.0.1:4443
[2020/06/02 15:26:36 CST] [DEBG] (ngrok/log.(*PrefixLogger).Debug:79) [pxy:347c8a4] Writing message: {"Type":"RegProxy","Payload":{"ClientId":"037af417cf84b95a55b93deb4f11178f"}}
[2020/06/02 15:26:36 CST] [DEBG] (ngrok/log.(*PrefixLogger).Debug:79) [view] [term] [http] Got HTTP update
[2020/06/02 15:26:36 CST] [DEBG] (ngrok/log.(*PrefixLogger).Debug:79) [view] [term] Waiting for update
[2020/06/02 15:26:36 CST] [DEBG] (ngrok/log.(*PrefixLogger).Debug:79) [view] [term] [http] Got HTTP update
[2020/06/02 15:26:36 CST] [DEBG] (ngrok/log.(*PrefixLogger).Debug:79) [view] [term] Waiting for update
[2020/06/02 15:26:36 CST] [DEBG] (ngrok/log.(*PrefixLogger).Debug:79) [pxy:347c8a4] Waiting to read message
[2020/06/02 15:26:36 CST] [DEBG] (ngrok/log.(*PrefixLogger).Debug:79) [view] [term] [http] Got HTTP update
[2020/06/02 15:26:36 CST] [DEBG] (ngrok/log.(*PrefixLogger).Debug:79) [view] [term] Waiting for update
[2020/06/02 15:26:36 CST] [DEBG] (ngrok/log.(*PrefixLogger).Debug:79) [view] [term] [http] Got HTTP update
[2020/06/02 15:26:36 CST] [DEBG] (ngrok/log.(*PrefixLogger).Debug:79) [view] [term] Waiting for update
[2020/06/02 15:26:38 CST] [DEBG] (ngrok/log.(*PrefixLogger).Debug:79) [view] [term] [http] Got HTTP update
[2020/06/02 15:26:38 CST] [DEBG] (ngrok/log.(*PrefixLogger).Debug:79) [view] [term] Waiting for update
[2020/06/02 15:26:38 CST] [DEBG] (ngrok/log.(*PrefixLogger).Debug:79) [view] [term] [http] Got HTTP update
[2020/06/02 15:26:38 CST] [DEBG] (ngrok/log.(*PrefixLogger).Debug:79) [view] [term] Waiting for update
[2020/06/02 15:26:40 CST] [DEBG] (ngrok/log.(*PrefixLogger).Debug:79) [pxy:3e2379c5] Copied 1477 bytes to prv:1338fa3b
[2020/06/02 15:26:40 CST] [DEBG] (ngrok/log.(*PrefixLogger).Debug:79) [pxy:3e2379c5] Closing
[2020/06/02 15:26:40 CST] [WARN] (ngrok/log.(*PrefixLogger).Warn:87) [prv:1338fa3b] Copied 670 bytes to pxy:3e2379c5 before failing with error read tcp 127.0.0.1:50537->127.0.0.1:8080: use of closed network connection
[2020/06/02 15:26:40 CST] [DEBG] (ngrok/log.(*PrefixLogger).Debug:79) [prv:1338fa3b] Closing
[2020/06/02 15:26:40 CST] [DEBG] (ngrok/log.(*PrefixLogger).Debug:79) [view] [term] Waiting for update
[2020/06/02 15:26:40 CST] [DEBG] (ngrok/log.(*PrefixLogger).Debug:79) [pxy:347c8a4] Reading message with length: 93
[2020/06/02 15:26:40 CST] [DEBG] (ngrok/log.(*PrefixLogger).Debug:79) [pxy:347c8a4] Read message {"Type":"StartProxy","Payload":{"Url":"http://test.ngrok.me","ClientAddr":"127.0.0.1:50539"}}
[2020/06/02 15:26:40 CST] [DEBG] (ngrok/log.(*PrefixLogger).Debug:79) [prv:356e7c60] New connection to: 127.0.0.1:8080
[2020/06/02 15:26:40 CST] [INFO] (ngrok/log.(*PrefixLogger).Info:83) [prv:356e7c60] Joined with connection pxy:347c8a4
[2020/06/02 15:26:40 CST] [DEBG] (ngrok/log.(*PrefixLogger).Debug:79) [view] [term] [http] Got HTTP update
[2020/06/02 15:26:40 CST] [DEBG] (ngrok/log.(*PrefixLogger).Debug:79) [view] [term] Waiting for update
[2020/06/02 15:26:40 CST] [DEBG] (ngrok/log.(*PrefixLogger).Debug:79) [view] [term] Waiting for update
[2020/06/02 15:26:40 CST] [DEBG] (ngrok/log.(*PrefixLogger).Debug:79) [ctl:3d9f6df] Reading message with length: 32
[2020/06/02 15:26:40 CST] [DEBG] (ngrok/log.(*PrefixLogger).Debug:79) [ctl:3d9f6df] Read message {"Type":"ReqProxy","Payload":{}}
[2020/06/02 15:26:40 CST] [DEBG] (ngrok/log.(*PrefixLogger).Debug:79) [ctl:3d9f6df] Waiting to read message
[2020/06/02 15:26:40 CST] [DEBG] (ngrok/log.(*PrefixLogger).Debug:79) [view] [term] [http] Got HTTP update
[2020/06/02 15:26:40 CST] [DEBG] (ngrok/log.(*PrefixLogger).Debug:79) [view] [term] Waiting for update
[2020/06/02 15:26:40 CST] [DEBG] (ngrok/log.(*PrefixLogger).Debug:79) [pxy:21a73caa] New connection to: 127.0.0.1:4443
[2020/06/02 15:26:40 CST] [DEBG] (ngrok/log.(*PrefixLogger).Debug:79) [pxy:21a73caa] Writing message: {"Type":"RegProxy","Payload":{"ClientId":"037af417cf84b95a55b93deb4f11178f"}}
[2020/06/02 15:26:40 CST] [DEBG] (ngrok/log.(*PrefixLogger).Debug:79) [pxy:21a73caa] Waiting to read message
[2020/06/02 15:26:40 CST] [DEBG] (ngrok/log.(*PrefixLogger).Debug:79) [view] [term] [http] Got HTTP update
[2020/06/02 15:26:40 CST] [DEBG] (ngrok/log.(*PrefixLogger).Debug:79) [view] [term] Waiting for update
[2020/06/02 15:26:40 CST] [DEBG] (ngrok/log.(*PrefixLogger).Debug:79) [view] [term] [http] Got HTTP update
[2020/06/02 15:26:40 CST] [DEBG] (ngrok/log.(*PrefixLogger).Debug:79) [view] [term] Waiting for update
[2020/06/02 15:26:45 CST] [DEBG] (ngrok/log.(*PrefixLogger).Debug:79) [prv:356e7c60] Copied 426 bytes to pxy:347c8a4
[2020/06/02 15:26:45 CST] [DEBG] (ngrok/log.(*PrefixLogger).Debug:79) [prv:356e7c60] Closing
[2020/06/02 15:26:45 CST] [WARN] (ngrok/log.(*PrefixLogger).Warn:87) [pxy:347c8a4] Copied 896 bytes to prv:356e7c60 before failing with error read tcp 127.0.0.1:50538->127.0.0.1:4443: use of closed network connection
[2020/06/02 15:26:45 CST] [DEBG] (ngrok/log.(*PrefixLogger).Debug:79) [pxy:347c8a4] Closing
[2020/06/02 15:26:45 CST] [DEBG] (ngrok/log.(*PrefixLogger).Debug:79) [view] [term] Waiting for update
[2020/06/02 15:26:56 CST] [DEBG] (ngrok/log.(*PrefixLogger).Debug:79) [ctl:3d9f6df] Writing message: {"Type":"Ping","Payload":{}}
[2020/06/02 15:26:56 CST] [DEBG] (ngrok/log.(*PrefixLogger).Debug:79) [ctl:3d9f6df] Reading message with length: 28
[2020/06/02 15:26:56 CST] [DEBG] (ngrok/log.(*PrefixLogger).Debug:79) [ctl:3d9f6df] Read message {"Type":"Pong","Payload":{}}
[2020/06/02 15:26:56 CST] [DEBG] (ngrok/log.(*PrefixLogger).Debug:79) [ctl:3d9f6df] Waiting to read message
[2020/06/02 15:27:16 CST] [DEBG] (ngrok/log.(*PrefixLogger).Debug:79) [ctl:3d9f6df] Writing message: {"Type":"Ping","Payload":{}}
[2020/06/02 15:27:16 CST] [DEBG] (ngrok/log.(*PrefixLogger).Debug:79) [ctl:3d9f6df] Reading message with length: 28
[2020/06/02 15:27:16 CST] [DEBG] (ngrok/log.(*PrefixLogger).Debug:79) [ctl:3d9f6df] Read message {"Type":"Pong","Payload":{}}
[2020/06/02 15:27:16 CST] [DEBG] (ngrok/log.(*PrefixLogger).Debug:79) [ctl:3d9f6df] Waiting to read message
[2020/06/02 15:27:36 CST] [DEBG] (ngrok/log.(*PrefixLogger).Debug:79) [ctl:3d9f6df] Writing message: {"Type":"Ping","Payload":{}}
[2020/06/02 15:27:36 CST] [DEBG] (ngrok/log.(*PrefixLogger).Debug:79) [ctl:3d9f6df] Reading message with length: 28
[2020/06/02 15:27:36 CST] [DEBG] (ngrok/log.(*PrefixLogger).Debug:79) [ctl:3d9f6df] Read message {"Type":"Pong","Payload":{}}
[2020/06/02 15:27:36 CST] [DEBG] (ngrok/log.(*PrefixLogger).Debug:79) [ctl:3d9f6df] Waiting to read message
[2020/06/02 15:27:56 CST] [DEBG] (ngrok/log.(*PrefixLogger).Debug:79) [ctl:3d9f6df] Writing message: {"Type":"Ping","Payload":{}}
[2020/06/02 15:27:56 CST] [DEBG] (ngrok/log.(*PrefixLogger).Debug:79) [ctl:3d9f6df] Reading message with length: 28
[2020/06/02 15:27:56 CST] [DEBG] (ngrok/log.(*PrefixLogger).Debug:79) [ctl:3d9f6df] Read message {"Type":"Pong","Payload":{}}
[2020/06/02 15:27:56 CST] [DEBG] (ngrok/log.(*PrefixLogger).Debug:79) [ctl:3d9f6df] Waiting to read message
[2020/06/02 15:28:16 CST] [DEBG] (ngrok/log.(*PrefixLogger).Debug:79) [ctl:3d9f6df] Writing message: {"Type":"Ping","Payload":{}}
[2020/06/02 15:28:16 CST] [DEBG] (ngrok/log.(*PrefixLogger).Debug:79) [ctl:3d9f6df] Reading message with length: 28
[2020/06/02 15:28:16 CST] [DEBG] (ngrok/log.(*PrefixLogger).Debug:79) [ctl:3d9f6df] Read message {"Type":"Pong","Payload":{}}
[2020/06/02 15:28:16 CST] [DEBG] (ngrok/log.(*PrefixLogger).Debug:79) [ctl:3d9f6df] Waiting to read message
[2020/06/02 15:28:36 CST] [DEBG] (ngrok/log.(*PrefixLogger).Debug:79) [ctl:3d9f6df] Writing message: {"Type":"Ping","Payload":{}}
[2020/06/02 15:28:36 CST] [DEBG] (ngrok/log.(*PrefixLogger).Debug:79) [ctl:3d9f6df] Reading message with length: 28
[2020/06/02 15:28:36 CST] [DEBG] (ngrok/log.(*PrefixLogger).Debug:79) [ctl:3d9f6df] Read message {"Type":"Pong","Payload":{}}
[2020/06/02 15:28:36 CST] [DEBG] (ngrok/log.(*PrefixLogger).Debug:79) [ctl:3d9f6df] Waiting to read message
[2020/06/02 15:28:56 CST] [DEBG] (ngrok/log.(*PrefixLogger).Debug:79) [ctl:3d9f6df] Writing message: {"Type":"Ping","Payload":{}}
[2020/06/02 15:28:56 CST] [DEBG] (ngrok/log.(*PrefixLogger).Debug:79) [ctl:3d9f6df] Reading message with length: 28
[2020/06/02 15:28:56 CST] [DEBG] (ngrok/log.(*PrefixLogger).Debug:79) [ctl:3d9f6df] Read message {"Type":"Pong","Payload":{}}
[2020/06/02 15:28:56 CST] [DEBG] (ngrok/log.(*PrefixLogger).Debug:79) [ctl:3d9f6df] Waiting to read message
[2020/06/02 15:29:16 CST] [DEBG] (ngrok/log.(*PrefixLogger).Debug:79) [ctl:3d9f6df] Writing message: {"Type":"Ping","Payload":{}}
[2020/06/02 15:29:16 CST] [DEBG] (ngrok/log.(*PrefixLogger).Debug:79) [ctl:3d9f6df] Reading message with length: 28
[2020/06/02 15:29:16 CST] [DEBG] (ngrok/log.(*PrefixLogger).Debug:79) [ctl:3d9f6df] Read message {"Type":"Pong","Payload":{}}
[2020/06/02 15:29:16 CST] [DEBG] (ngrok/log.(*PrefixLogger).Debug:79) [ctl:3d9f6df] Waiting to read message
[2020/06/02 15:29:36 CST] [DEBG] (ngrok/log.(*PrefixLogger).Debug:79) [ctl:3d9f6df] Writing message: {"Type":"Ping","Payload":{}}
[2020/06/02 15:29:36 CST] [DEBG] (ngrok/log.(*PrefixLogger).Debug:79) [ctl:3d9f6df] Reading message with length: 28
[2020/06/02 15:29:36 CST] [DEBG] (ngrok/log.(*PrefixLogger).Debug:79) [ctl:3d9f6df] Read message {"Type":"Pong","Payload":{}}
[2020/06/02 15:29:36 CST] [DEBG] (ngrok/log.(*PrefixLogger).Debug:79) [ctl:3d9f6df] Waiting to read message
[2020/06/02 15:29:56 CST] [DEBG] (ngrok/log.(*PrefixLogger).Debug:79) [ctl:3d9f6df] Writing message: {"Type":"Ping","Payload":{}}
[2020/06/02 15:29:56 CST] [DEBG] (ngrok/log.(*PrefixLogger).Debug:79) [ctl:3d9f6df] Reading message with length: 28
[2020/06/02 15:29:56 CST] [DEBG] (ngrok/log.(*PrefixLogger).Debug:79) [ctl:3d9f6df] Read message {"Type":"Pong","Payload":{}}
[2020/06/02 15:29:56 CST] [DEBG] (ngrok/log.(*PrefixLogger).Debug:79) [ctl:3d9f6df] Waiting to read message
[2020/06/02 15:30:16 CST] [DEBG] (ngrok/log.(*PrefixLogger).Debug:79) [ctl:3d9f6df] Writing message: {"Type":"Ping","Payload":{}}
[2020/06/02 15:30:16 CST] [DEBG] (ngrok/log.(*PrefixLogger).Debug:79) [ctl:3d9f6df] Reading message with length: 28
[2020/06/02 15:30:16 CST] [DEBG] (ngrok/log.(*PrefixLogger).Debug:79) [ctl:3d9f6df] Read message {"Type":"Pong","Payload":{}}
[2020/06/02 15:30:16 CST] [DEBG] (ngrok/log.(*PrefixLogger).Debug:79) [ctl:3d9f6df] Waiting to read message
[2020/06/02 15:30:36 CST] [DEBG] (ngrok/log.(*PrefixLogger).Debug:79) [ctl:3d9f6df] Writing message: {"Type":"Ping","Payload":{}}
[2020/06/02 15:30:36 CST] [DEBG] (ngrok/log.(*PrefixLogger).Debug:79) [ctl:3d9f6df] Reading message with length: 28
[2020/06/02 15:30:36 CST] [DEBG] (ngrok/log.(*PrefixLogger).Debug:79) [ctl:3d9f6df] Read message {"Type":"Pong","Payload":{}}
[2020/06/02 15:30:36 CST] [DEBG] (ngrok/log.(*PrefixLogger).Debug:79) [ctl:3d9f6df] Waiting to read message
[2020/06/02 15:30:56 CST] [DEBG] (ngrok/log.(*PrefixLogger).Debug:79) [ctl:3d9f6df] Writing message: {"Type":"Ping","Payload":{}}
[2020/06/02 15:30:56 CST] [DEBG] (ngrok/log.(*PrefixLogger).Debug:79) [ctl:3d9f6df] Reading message with length: 28
[2020/06/02 15:30:56 CST] [DEBG] (ngrok/log.(*PrefixLogger).Debug:79) [ctl:3d9f6df] Read message {"Type":"Pong","Payload":{}}
[2020/06/02 15:30:56 CST] [DEBG] (ngrok/log.(*PrefixLogger).Debug:79) [ctl:3d9f6df] Waiting to read message
[2020/06/02 15:31:16 CST] [DEBG] (ngrok/log.(*PrefixLogger).Debug:79) [ctl:3d9f6df] Writing message: {"Type":"Ping","Payload":{}}
[2020/06/02 15:31:16 CST] [DEBG] (ngrok/log.(*PrefixLogger).Debug:79) [ctl:3d9f6df] Reading message with length: 28
[2020/06/02 15:31:16 CST] [DEBG] (ngrok/log.(*PrefixLogger).Debug:79) [ctl:3d9f6df] Read message {"Type":"Pong","Payload":{}}
[2020/06/02 15:31:16 CST] [DEBG] (ngrok/log.(*PrefixLogger).Debug:79) [ctl:3d9f6df] Waiting to read message
[2020/06/02 15:31:36 CST] [DEBG] (ngrok/log.(*PrefixLogger).Debug:79) [ctl:3d9f6df] Writing message: {"Type":"Ping","Payload":{}}
[2020/06/02 15:31:36 CST] [DEBG] (ngrok/log.(*PrefixLogger).Debug:79) [ctl:3d9f6df] Reading message with length: 28
[2020/06/02 15:31:36 CST] [DEBG] (ngrok/log.(*PrefixLogger).Debug:79) [ctl:3d9f6df] Read message {"Type":"Pong","Payload":{}}
[2020/06/02 15:31:36 CST] [DEBG] (ngrok/log.(*PrefixLogger).Debug:79) [ctl:3d9f6df] Waiting to read message
[2020/06/02 15:31:56 CST] [DEBG] (ngrok/log.(*PrefixLogger).Debug:79) [ctl:3d9f6df] Writing message: {"Type":"Ping","Payload":{}}
[2020/06/02 15:31:56 CST] [DEBG] (ngrok/log.(*PrefixLogger).Debug:79) [ctl:3d9f6df] Reading message with length: 28
[2020/06/02 15:31:56 CST] [DEBG] (ngrok/log.(*PrefixLogger).Debug:79) [ctl:3d9f6df] Read message {"Type":"Pong","Payload":{}}
[2020/06/02 15:31:56 CST] [DEBG] (ngrok/log.(*PrefixLogger).Debug:79) [ctl:3d9f6df] Waiting to read message
[2020/06/02 15:32:16 CST] [DEBG] (ngrok/log.(*PrefixLogger).Debug:79) [ctl:3d9f6df] Writing message: {"Type":"Ping","Payload":{}}
[2020/06/02 15:32:16 CST] [DEBG] (ngrok/log.(*PrefixLogger).Debug:79) [ctl:3d9f6df] Reading message with length: 28
[2020/06/02 15:32:16 CST] [DEBG] (ngrok/log.(*PrefixLogger).Debug:79) [ctl:3d9f6df] Read message {"Type":"Pong","Payload":{}}
[2020/06/02 15:32:16 CST] [DEBG] (ngrok/log.(*PrefixLogger).Debug:79) [ctl:3d9f6df] Waiting to read message
[2020/06/02 15:32:36 CST] [DEBG] (ngrok/log.(*PrefixLogger).Debug:79) [ctl:3d9f6df] Writing message: {"Type":"Ping","Payload":{}}
[2020/06/02 15:32:36 CST] [DEBG] (ngrok/log.(*PrefixLogger).Debug:79) [ctl:3d9f6df] Reading message with length: 28
[2020/06/02 15:32:36 CST] [DEBG] (ngrok/log.(*PrefixLogger).Debug:79) [ctl:3d9f6df] Read message {"Type":"Pong","Payload":{}}
[2020/06/02 15:32:36 CST] [DEBG] (ngrok/log.(*PrefixLogger).Debug:79) [ctl:3d9f6df] Waiting to read message
[2020/06/02 15:32:56 CST] [DEBG] (ngrok/log.(*PrefixLogger).Debug:79) [ctl:3d9f6df] Writing message: {"Type":"Ping","Payload":{}}
[2020/06/02 15:32:56 CST] [DEBG] (ngrok/log.(*PrefixLogger).Debug:79) [ctl:3d9f6df] Reading message with length: 28
[2020/06/02 15:32:56 CST] [DEBG] (ngrok/log.(*PrefixLogger).Debug:79) [ctl:3d9f6df] Read message {"Type":"Pong","Payload":{}}
[2020/06/02 15:32:56 CST] [DEBG] (ngrok/log.(*PrefixLogger).Debug:79) [ctl:3d9f6df] Waiting to read message
[2020/06/02 15:33:16 CST] [DEBG] (ngrok/log.(*PrefixLogger).Debug:79) [ctl:3d9f6df] Writing message: {"Type":"Ping","Payload":{}}
[2020/06/02 15:33:16 CST] [DEBG] (ngrok/log.(*PrefixLogger).Debug:79) [ctl:3d9f6df] Reading message with length: 28
[2020/06/02 15:33:16 CST] [DEBG] (ngrok/log.(*PrefixLogger).Debug:79) [ctl:3d9f6df] Read message {"Type":"Pong","Payload":{}}
[2020/06/02 15:33:16 CST] [DEBG] (ngrok/log.(*PrefixLogger).Debug:79) [ctl:3d9f6df] Waiting to read message
[2020/06/02 15:33:36 CST] [DEBG] (ngrok/log.(*PrefixLogger).Debug:79) [ctl:3d9f6df] Writing message: {"Type":"Ping","Payload":{}}
[2020/06/02 15:33:36 CST] [DEBG] (ngrok/log.(*PrefixLogger).Debug:79) [ctl:3d9f6df] Reading message with length: 28
[2020/06/02 15:33:36 CST] [DEBG] (ngrok/log.(*PrefixLogger).Debug:79) [ctl:3d9f6df] Read message {"Type":"Pong","Payload":{}}
[2020/06/02 15:33:36 CST] [DEBG] (ngrok/log.(*PrefixLogger).Debug:79) [ctl:3d9f6df] Waiting to read message
[2020/06/02 15:33:56 CST] [DEBG] (ngrok/log.(*PrefixLogger).Debug:79) [ctl:3d9f6df] Writing message: {"Type":"Ping","Payload":{}}
[2020/06/02 15:33:56 CST] [DEBG] (ngrok/log.(*PrefixLogger).Debug:79) [ctl:3d9f6df] Reading message with length: 28
[2020/06/02 15:33:56 CST] [DEBG] (ngrok/log.(*PrefixLogger).Debug:79) [ctl:3d9f6df] Read message {"Type":"Pong","Payload":{}}
[2020/06/02 15:33:56 CST] [DEBG] (ngrok/log.(*PrefixLogger).Debug:79) [ctl:3d9f6df] Waiting to read message
[2020/06/02 15:34:16 CST] [DEBG] (ngrok/log.(*PrefixLogger).Debug:79) [ctl:3d9f6df] Writing message: {"Type":"Ping","Payload":{}}
[2020/06/02 15:34:16 CST] [DEBG] (ngrok/log.(*PrefixLogger).Debug:79) [ctl:3d9f6df] Reading message with length: 28
[2020/06/02 15:34:16 CST] [DEBG] (ngrok/log.(*PrefixLogger).Debug:79) [ctl:3d9f6df] Read message {"Type":"Pong","Payload":{}}
[2020/06/02 15:34:16 CST] [DEBG] (ngrok/log.(*PrefixLogger).Debug:79) [ctl:3d9f6df] Waiting to read message
[2020/06/02 15:34:36 CST] [DEBG] (ngrok/log.(*PrefixLogger).Debug:79) [ctl:3d9f6df] Writing message: {"Type":"Ping","Payload":{}}
[2020/06/02 15:34:36 CST] [DEBG] (ngrok/log.(*PrefixLogger).Debug:79) [ctl:3d9f6df] Reading message with length: 28
[2020/06/02 15:34:36 CST] [DEBG] (ngrok/log.(*PrefixLogger).Debug:79) [ctl:3d9f6df] Read message {"Type":"Pong","Payload":{}}
[2020/06/02 15:34:36 CST] [DEBG] (ngrok/log.(*PrefixLogger).Debug:79) [ctl:3d9f6df] Waiting to read message
[2020/06/02 15:34:56 CST] [DEBG] (ngrok/log.(*PrefixLogger).Debug:79) [ctl:3d9f6df] Writing message: {"Type":"Ping","Payload":{}}
[2020/06/02 15:34:56 CST] [DEBG] (ngrok/log.(*PrefixLogger).Debug:79) [ctl:3d9f6df] Reading message with length: 28
[2020/06/02 15:34:56 CST] [DEBG] (ngrok/log.(*PrefixLogger).Debug:79) [ctl:3d9f6df] Read message {"Type":"Pong","Payload":{}}
[2020/06/02 15:34:56 CST] [DEBG] (ngrok/log.(*PrefixLogger).Debug:79) [ctl:3d9f6df] Waiting to read message
[2020/06/02 15:35:16 CST] [DEBG] (ngrok/log.(*PrefixLogger).Debug:79) [ctl:3d9f6df] Writing message: {"Type":"Ping","Payload":{}}
[2020/06/02 15:35:16 CST] [DEBG] (ngrok/log.(*PrefixLogger).Debug:79) [ctl:3d9f6df] Reading message with length: 28
[2020/06/02 15:35:16 CST] [DEBG] (ngrok/log.(*PrefixLogger).Debug:79) [ctl:3d9f6df] Read message {"Type":"Pong","Payload":{}}
[2020/06/02 15:35:16 CST] [DEBG] (ngrok/log.(*PrefixLogger).Debug:79) [ctl:3d9f6df] Waiting to read message
[2020/06/02 15:35:36 CST] [DEBG] (ngrok/log.(*PrefixLogger).Debug:79) [ctl:3d9f6df] Writing message: {"Type":"Ping","Payload":{}}
[2020/06/02 15:35:36 CST] [DEBG] (ngrok/log.(*PrefixLogger).Debug:79) [ctl:3d9f6df] Reading message with length: 28
[2020/06/02 15:35:36 CST] [DEBG] (ngrok/log.(*PrefixLogger).Debug:79) [ctl:3d9f6df] Read message {"Type":"Pong","Payload":{}}
[2020/06/02 15:35:36 CST] [DEBG] (ngrok/log.(*PrefixLogger).Debug:79) [ctl:3d9f6df] Waiting to read message
[2020/06/02 15:35:56 CST] [DEBG] (ngrok/log.(*PrefixLogger).Debug:79) [ctl:3d9f6df] Writing message: {"Type":"Ping","Payload":{}}
[2020/06/02 15:35:56 CST] [DEBG] (ngrok/log.(*PrefixLogger).Debug:79) [ctl:3d9f6df] Reading message with length: 28
[2020/06/02 15:35:56 CST] [DEBG] (ngrok/log.(*PrefixLogger).Debug:79) [ctl:3d9f6df] Read message {"Type":"Pong","Payload":{}}
[2020/06/02 15:35:56 CST] [DEBG] (ngrok/log.(*PrefixLogger).Debug:79) [ctl:3d9f6df] Waiting to read message
[2020/06/02 15:36:16 CST] [DEBG] (ngrok/log.(*PrefixLogger).Debug:79) [ctl:3d9f6df] Writing message: {"Type":"Ping","Payload":{}}
[2020/06/02 15:36:16 CST] [DEBG] (ngrok/log.(*PrefixLogger).Debug:79) [ctl:3d9f6df] Reading message with length: 28
[2020/06/02 15:36:16 CST] [DEBG] (ngrok/log.(*PrefixLogger).Debug:79) [ctl:3d9f6df] Read message {"Type":"Pong","Payload":{}}
[2020/06/02 15:36:16 CST] [DEBG] (ngrok/log.(*PrefixLogger).Debug:79) [ctl:3d9f6df] Waiting to read message
[2020/06/02 15:36:36 CST] [DEBG] (ngrok/log.(*PrefixLogger).Debug:79) [ctl:3d9f6df] Writing message: {"Type":"Ping","Payload":{}}
[2020/06/02 15:36:36 CST] [DEBG] (ngrok/log.(*PrefixLogger).Debug:79) [ctl:3d9f6df] Reading message with length: 28
[2020/06/02 15:36:36 CST] [DEBG] (ngrok/log.(*PrefixLogger).Debug:79) [ctl:3d9f6df] Read message {"Type":"Pong","Payload":{}}
[2020/06/02 15:36:36 CST] [DEBG] (ngrok/log.(*PrefixLogger).Debug:79) [ctl:3d9f6df] Waiting to read message
[2020/06/02 15:36:56 CST] [DEBG] (ngrok/log.(*PrefixLogger).Debug:79) [ctl:3d9f6df] Writing message: {"Type":"Ping","Payload":{}}
[2020/06/02 15:36:56 CST] [DEBG] (ngrok/log.(*PrefixLogger).Debug:79) [ctl:3d9f6df] Reading message with length: 28
[2020/06/02 15:36:56 CST] [DEBG] (ngrok/log.(*PrefixLogger).Debug:79) [ctl:3d9f6df] Read message {"Type":"Pong","Payload":{}}
[2020/06/02 15:36:56 CST] [DEBG] (ngrok/log.(*PrefixLogger).Debug:79) [ctl:3d9f6df] Waiting to read message
[2020/06/02 15:37:16 CST] [DEBG] (ngrok/log.(*PrefixLogger).Debug:79) [ctl:3d9f6df] Writing message: {"Type":"Ping","Payload":{}}
[2020/06/02 15:37:16 CST] [DEBG] (ngrok/log.(*PrefixLogger).Debug:79) [ctl:3d9f6df] Reading message with length: 28
[2020/06/02 15:37:16 CST] [DEBG] (ngrok/log.(*PrefixLogger).Debug:79) [ctl:3d9f6df] Read message {"Type":"Pong","Payload":{}}
[2020/06/02 15:37:16 CST] [DEBG] (ngrok/log.(*PrefixLogger).Debug:79) [ctl:3d9f6df] Waiting to read message
[2020/06/02 15:37:36 CST] [DEBG] (ngrok/log.(*PrefixLogger).Debug:79) [ctl:3d9f6df] Writing message: {"Type":"Ping","Payload":{}}
[2020/06/02 15:37:36 CST] [DEBG] (ngrok/log.(*PrefixLogger).Debug:79) [ctl:3d9f6df] Reading message with length: 28
[2020/06/02 15:37:36 CST] [DEBG] (ngrok/log.(*PrefixLogger).Debug:79) [ctl:3d9f6df] Read message {"Type":"Pong","Payload":{}}
[2020/06/02 15:37:36 CST] [DEBG] (ngrok/log.(*PrefixLogger).Debug:79) [ctl:3d9f6df] Waiting to read message
[2020/06/02 15:37:56 CST] [DEBG] (ngrok/log.(*PrefixLogger).Debug:79) [ctl:3d9f6df] Writing message: {"Type":"Ping","Payload":{}}
[2020/06/02 15:37:56 CST] [DEBG] (ngrok/log.(*PrefixLogger).Debug:79) [ctl:3d9f6df] Reading message with length: 28
[2020/06/02 15:37:56 CST] [DEBG] (ngrok/log.(*PrefixLogger).Debug:79) [ctl:3d9f6df] Read message {"Type":"Pong","Payload":{}}
[2020/06/02 15:37:56 CST] [DEBG] (ngrok/log.(*PrefixLogger).Debug:79) [ctl:3d9f6df] Waiting to read message
[2020/06/02 15:38:16 CST] [DEBG] (ngrok/log.(*PrefixLogger).Debug:79) [ctl:3d9f6df] Writing message: {"Type":"Ping","Payload":{}}
[2020/06/02 15:38:16 CST] [DEBG] (ngrok/log.(*PrefixLogger).Debug:79) [ctl:3d9f6df] Reading message with length: 28
[2020/06/02 15:38:16 CST] [DEBG] (ngrok/log.(*PrefixLogger).Debug:79) [ctl:3d9f6df] Read message {"Type":"Pong","Payload":{}}
[2020/06/02 15:38:16 CST] [DEBG] (ngrok/log.(*PrefixLogger).Debug:79) [ctl:3d9f6df] Waiting to read message
